TN:
SF:src\transcriptManager.ts
FN:13,initialize
FN:17,addDemoData
FN:24,getAll
FN:32,(anonymous_3)
FN:39,addStudent
FN:47,getTranscript
FN:48,(anonymous_6)
FN:52,getStudentIDs
FN:53,(anonymous_8)
FN:54,(anonymous_9)
FN:59,deleteStudent
FN:60,(anonymous_11)
FN:67,addGrade
FN:68,(anonymous_13)
FN:82,addGradeToTranscript
FN:84,(anonymous_15)
FN:91,getGrade
FN:92,(anonymous_17)
FN:93,(anonymous_18)
FNF:19
FNH:17
FNDA:15,initialize
FNDA:0,addDemoData
FNDA:2,getAll
FNDA:12,(anonymous_3)
FNDA:12,addStudent
FNDA:2,getTranscript
FNDA:0,(anonymous_6)
FNDA:4,getStudentIDs
FNDA:12,(anonymous_8)
FNDA:6,(anonymous_9)
FNDA:4,deleteStudent
FNDA:2,(anonymous_11)
FNDA:5,addGrade
FNDA:3,(anonymous_13)
FNDA:3,addGradeToTranscript
FNDA:1,(anonymous_15)
FNDA:3,getGrade
FNDA:2,(anonymous_17)
FNDA:2,(anonymous_18)
DA:11,2
DA:13,2
DA:14,15
DA:17,2
DA:18,0
DA:19,0
DA:20,0
DA:21,0
DA:24,2
DA:25,2
DA:30,2
DA:33,12
DA:34,12
DA:39,2
DA:40,12
DA:41,12
DA:42,12
DA:43,12
DA:47,2
DA:48,2
DA:52,2
DA:53,12
DA:54,6
DA:59,2
DA:60,4
DA:61,4
DA:62,2
DA:64,2
DA:67,2
DA:68,5
DA:69,5
DA:70,2
DA:72,3
DA:73,3
DA:74,3
DA:76,1
DA:83,3
DA:84,3
DA:85,1
DA:87,2
DA:91,2
DA:92,3
DA:93,3
DA:94,3
DA:95,1
DA:98,2
LF:46
LH:42
BRDA:39,0,0,12
BRDA:61,1,0,2
BRDA:69,2,0,2
BRDA:84,3,0,1
BRDA:94,4,0,1
BRF:5
BRH:5
end_of_record
TN:
SF:src\mocksExample\Calculator.ts
FN:2,(anonymous_0)
FNF:1
FNH:1
FNDA:2,(anonymous_0)
DA:1,1
DA:3,2
DA:4,2
DA:5,2
LF:4
LH:4
BRF:0
BRH:0
end_of_record
